Initializing jasmine.yml configuration


Started GET "/api" for 127.0.0.1 at 2016-02-01 12:35:50 -0800

ActionController::RoutingError (No route matches [GET] "/api"):
  actionpack (4.2.5) lib/action_dispatch/middleware/debug_exceptions.rb:21:in `call'
  web-console (2.3.0) lib/web_console/middleware.rb:28:in `block in call'
  web-console (2.3.0) lib/web_console/middleware.rb:18:in `catch'
  web-console (2.3.0) lib/web_console/middleware.rb:18:in `call'
  actionpack (4.2.5) lib/action_dispatch/middleware/show_exceptions.rb:30:in `call'
  railties (4.2.5) lib/rails/rack/logger.rb:38:in `call_app'
  railties (4.2.5) lib/rails/rack/logger.rb:20:in `block in call'
  activesupport (4.2.5) lib/active_support/tagged_logging.rb:68:in `block in tagged'
  activesupport (4.2.5) lib/active_support/tagged_logging.rb:26:in `tagged'
  activesupport (4.2.5) lib/active_support/tagged_logging.rb:68:in `tagged'
  railties (4.2.5) lib/rails/rack/logger.rb:20:in `call'
  quiet_assets (1.1.0) lib/quiet_assets.rb:27:in `call_with_quiet_assets'
  actionpack (4.2.5) lib/action_dispatch/middleware/request_id.rb:21:in `call'
  rack (1.6.4) lib/rack/methodoverride.rb:22:in `call'
  rack (1.6.4) lib/rack/runtime.rb:18:in `call'
  activesupport (4.2.5) lib/active_support/cache/strategy/local_cache_middleware.rb:28:in `call'
  rack (1.6.4) lib/rack/lock.rb:17:in `call'
  actionpack (4.2.5) lib/action_dispatch/middleware/static.rb:116:in `call'
  rack (1.6.4) lib/rack/sendfile.rb:113:in `call'
  railties (4.2.5) lib/rails/engine.rb:518:in `call'
  railties (4.2.5) lib/rails/application.rb:165:in `call'
  rack (1.6.4) lib/rack/content_length.rb:15:in `call'
  thin (1.5.1) lib/thin/connection.rb:81:in `block in pre_process'
  thin (1.5.1) lib/thin/connection.rb:79:in `catch'
  thin (1.5.1) lib/thin/connection.rb:79:in `pre_process'
  thin (1.5.1) lib/thin/connection.rb:54:in `process'
  thin (1.5.1) lib/thin/connection.rb:39:in `receive_data'
  eventmachine (1.0.9.1) lib/eventmachine.rb:193:in `run_machine'
  eventmachine (1.0.9.1) lib/eventmachine.rb:193:in `run'
  thin (1.5.1) lib/thin/backends/base.rb:63:in `start'
  thin (1.5.1) lib/thin/server.rb:159:in `start'
  rack (1.6.4) lib/rack/handler/thin.rb:19:in `run'
  rack (1.6.4) lib/rack/server.rb:286:in `start'
  railties (4.2.5) lib/rails/commands/server.rb:80:in `start'
  railties (4.2.5) lib/rails/commands/commands_tasks.rb:80:in `block in server'
  railties (4.2.5) lib/rails/commands/commands_tasks.rb:75:in `tap'
  railties (4.2.5) lib/rails/commands/commands_tasks.rb:75:in `server'
  railties (4.2.5) lib/rails/commands/commands_tasks.rb:39:in `run_command!'
  railties (4.2.5) lib/rails/commands.rb:17:in `<top (required)>'
  bin/rails:4:in `require'
  bin/rails:4:in `<main>'


  Rendered /Users/ErikaPallasMoore/.rvm/gems/ruby-2.2.3/gems/actionpack-4.2.5/lib/action_dispatch/middleware/templates/rescues/_trace.html.erb (1.3ms)
  Rendered /Users/ErikaPallasMoore/.rvm/gems/ruby-2.2.3/gems/actionpack-4.2.5/lib/action_dispatch/middleware/templates/routes/_table.html.erb (6.4ms)
  Rendered /Users/ErikaPallasMoore/.rvm/gems/ruby-2.2.3/gems/actionpack-4.2.5/lib/action_dispatch/middleware/templates/rescues/_request_and_response.html.erb (11.3ms)
  Rendered /Users/ErikaPallasMoore/.rvm/gems/ruby-2.2.3/gems/actionpack-4.2.5/lib/action_dispatch/middleware/templates/rescues/routing_error.html.erb within rescues/layout (66.3ms)
  Rendered /Users/ErikaPallasMoore/.rvm/gems/ruby-2.2.3/gems/web-console-2.3.0/lib/web_console/templates/_markup.html.erb (0.4ms)
  Rendered /Users/ErikaPallasMoore/.rvm/gems/ruby-2.2.3/gems/web-console-2.3.0/lib/web_console/templates/_inner_console_markup.html.erb within layouts/inlined_string (0.3ms)
  Rendered /Users/ErikaPallasMoore/.rvm/gems/ruby-2.2.3/gems/web-console-2.3.0/lib/web_console/templates/_prompt_box_markup.html.erb within layouts/inlined_string (0.2ms)
  Rendered /Users/ErikaPallasMoore/.rvm/gems/ruby-2.2.3/gems/web-console-2.3.0/lib/web_console/templates/style.css.erb within layouts/inlined_string (0.3ms)
  Rendered /Users/ErikaPallasMoore/.rvm/gems/ruby-2.2.3/gems/web-console-2.3.0/lib/web_console/templates/console.js.erb within layouts/javascript (319.5ms)
  Rendered /Users/ErikaPallasMoore/.rvm/gems/ruby-2.2.3/gems/web-console-2.3.0/lib/web_console/templates/main.js.erb within layouts/javascript (0.2ms)
  Rendered /Users/ErikaPallasMoore/.rvm/gems/ruby-2.2.3/gems/web-console-2.3.0/lib/web_console/templates/error_page.js.erb within layouts/javascript (0.3ms)
  Rendered /Users/ErikaPallasMoore/.rvm/gems/ruby-2.2.3/gems/web-console-2.3.0/lib/web_console/templates/index.html.erb (369.3ms)
